# JRE version: Java(TM) SE Runtime Environment (11.0.3+12) (build 11.0.3+12-LTS)
# Java VM: Java HotSpot(TM) 64-Bit Server VM (11.0.3+12-LTS, mixed mode, tiered, compressed oops, g1 gc, windows-amd64)
Heap:
 garbage-first heap   total 131072K, used 8466K [0x0000000081a00000, 0x0000000100000000)
  region size 1024K, 5 young (5120K), 5 survivors (5120K)
 Metaspace       used 18888K, capacity 19575K, committed 19712K, reserved 1091584K
  class space    used 2209K, capacity 2477K, committed 2560K, reserved 1048576K
GC Heap History (6 events):
Event: 0.978 GC heap before
{Heap before GC invocations=0 (full 0):
 garbage-first heap   total 131072K, used 24576K [0x0000000081a00000, 0x0000000100000000)
  region size 1024K, 24 young (24576K), 0 survivors (0K)
 Metaspace       used 14378K, capacity 14843K, committed 15104K, reserved 1062912K
  class space    used 1551K, capacity 1713K, committed 1792K, reserved 1048576K
}
Event: 0.984 GC heap after
{Heap after GC invocations=1 (full 0):
 garbage-first heap   total 131072K, used 7161K [0x0000000081a00000, 0x0000000100000000)
  region size 1024K, 3 young (3072K), 3 survivors (3072K)
 Metaspace       used 14378K, capacity 14843K, committed 15104K, reserved 1062912K
  class space    used 1551K, capacity 1713K, committed 1792K, reserved 1048576K
}
Event: 1.164 GC heap before
{Heap before GC invocations=1 (full 0):
 garbage-first heap   total 131072K, used 60409K [0x0000000081a00000, 0x0000000100000000)
  region size 1024K, 57 young (58368K), 3 survivors (3072K)
 Metaspace       used 16294K, capacity 16818K, committed 16896K, reserved 1081344K
  class space    used 1811K, capacity 2016K, committed 2048K, reserved 1048576K
}
Event: 1.170 GC heap after
{Heap after GC invocations=2 (full 0):
 garbage-first heap   total 131072K, used 7894K [0x0000000081a00000, 0x0000000100000000)
  region size 1024K, 4 young (4096K), 4 survivors (4096K)
 Metaspace       used 16294K, capacity 16818K, committed 16896K, reserved 1081344K
  class space    used 1811K, capacity 2016K, committed 2048K, reserved 1048576K
}
Event: 1.378 GC heap before
{Heap before GC invocations=3 (full 0):
 garbage-first heap   total 131072K, used 26326K [0x0000000081a00000, 0x0000000100000000)
  region size 1024K, 23 young (23552K), 4 survivors (4096K)
 Metaspace       used 18888K, capacity 19575K, committed 19712K, reserved 1089536K
  class space    used 2209K, capacity 2477K, committed 2560K, reserved 1048576K
}
Event: 1.382 GC heap after
{Heap after GC invocations=4 (full 0):
 garbage-first heap   total 131072K, used 8466K [0x0000000081a00000, 0x0000000100000000)
  region size 1024K, 5 young (5120K), 5 survivors (5120K)
 Metaspace       used 18888K, capacity 19575K, committed 19712K, reserved 1089536K
  class space    used 2209K, capacity 2477K, committed 2560K, reserved 1048576K
}

